{"/home/marloncouto/Repos/mcoutodev.github.io/frontend/src/App.tsx": {"path":"/home/marloncouto/Repos/mcoutodev.github.io/frontend/src/App.tsx","statementMap":{"0":{"start":{"line":6,"column":23},"end":{"line":16,"column":null}},"1":{"start":{"line":7,"column":4},"end":{"line":14,"column":null}}},"fnMap":{"0":{"name":"(anonymous_0)","decl":{"start":{"line":6,"column":23},"end":{"line":6,"column":29}},"loc":{"start":{"line":6,"column":29},"end":{"line":16,"column":null}}}},"branchMap":{},"s":{"0":1,"1":1},"f":{"0":1},"b":{}}
,"/home/marloncouto/Repos/mcoutodev.github.io/frontend/src/components/Avatar.tsx": {"path":"/home/marloncouto/Repos/mcoutodev.github.io/frontend/src/components/Avatar.tsx","statementMap":{"0":{"start":{"line":3,"column":26},"end":{"line":14,"column":null}},"1":{"start":{"line":4,"column":4},"end":{"line":12,"column":null}}},"fnMap":{"0":{"name":"(anonymous_0)","decl":{"start":{"line":3,"column":26},"end":{"line":3,"column":32}},"loc":{"start":{"line":3,"column":32},"end":{"line":14,"column":null}}}},"branchMap":{},"s":{"0":1,"1":1},"f":{"0":1},"b":{}}
,"/home/marloncouto/Repos/mcoutodev.github.io/frontend/src/components/Code.tsx": {"path":"/home/marloncouto/Repos/mcoutodev.github.io/frontend/src/components/Code.tsx","statementMap":{"0":{"start":{"line":3,"column":24},"end":{"line":38,"column":null}},"1":{"start":{"line":4,"column":4},"end":{"line":36,"column":null}}},"fnMap":{"0":{"name":"(anonymous_0)","decl":{"start":{"line":3,"column":24},"end":{"line":3,"column":30}},"loc":{"start":{"line":3,"column":30},"end":{"line":38,"column":null}}}},"branchMap":{},"s":{"0":1,"1":1},"f":{"0":1},"b":{}}
,"/home/marloncouto/Repos/mcoutodev.github.io/frontend/src/components/hero/index.tsx": {"path":"/home/marloncouto/Repos/mcoutodev.github.io/frontend/src/components/hero/index.tsx","statementMap":{"0":{"start":{"line":5,"column":44},"end":{"line":5,"column":null}},"1":{"start":{"line":7,"column":24},"end":{"line":30,"column":null}},"2":{"start":{"line":8,"column":4},"end":{"line":28,"column":null}}},"fnMap":{"0":{"name":"(anonymous_0)","decl":{"start":{"line":7,"column":24},"end":{"line":7,"column":30}},"loc":{"start":{"line":7,"column":30},"end":{"line":30,"column":null}}}},"branchMap":{},"s":{"0":1,"1":1,"2":1},"f":{"0":1},"b":{}}
,"/home/marloncouto/Repos/mcoutodev.github.io/frontend/src/components/layout/Drawer.tsx": {"path":"/home/marloncouto/Repos/mcoutodev.github.io/frontend/src/components/layout/Drawer.tsx","statementMap":{"0":{"start":{"line":6,"column":45},"end":{"line":44,"column":null}},"1":{"start":{"line":7,"column":44},"end":{"line":7,"column":null}},"2":{"start":{"line":9,"column":4},"end":{"line":42,"column":null}},"3":{"start":{"line":16,"column":32},"end":{"line":16,"column":null}},"4":{"start":{"line":30,"column":24},"end":{"line":38,"column":null}},"5":{"start":{"line":34,"column":47},"end":{"line":34,"column":null}}},"fnMap":{"0":{"name":"(anonymous_0)","decl":{"start":{"line":6,"column":45},"end":{"line":6,"column":46}},"loc":{"start":{"line":6,"column":63},"end":{"line":44,"column":null}}},"1":{"name":"(anonymous_1)","decl":{"start":{"line":16,"column":26},"end":{"line":16,"column":32}},"loc":{"start":{"line":16,"column":32},"end":{"line":16,"column":null}}},"2":{"name":"(anonymous_2)","decl":{"start":{"line":29,"column":34},"end":{"line":29,"column":35}},"loc":{"start":{"line":30,"column":24},"end":{"line":38,"column":null}}},"3":{"name":"(anonymous_3)","decl":{"start":{"line":34,"column":41},"end":{"line":34,"column":47}},"loc":{"start":{"line":34,"column":47},"end":{"line":34,"column":null}}}},"branchMap":{},"s":{"0":1,"1":1,"2":1,"3":0,"4":1,"5":0},"f":{"0":1,"1":0,"2":1,"3":0},"b":{}}
,"/home/marloncouto/Repos/mcoutodev.github.io/frontend/src/components/layout/Footer.tsx": {"path":"/home/marloncouto/Repos/mcoutodev.github.io/frontend/src/components/layout/Footer.tsx","statementMap":{"0":{"start":{"line":5,"column":26},"end":{"line":25,"column":null}},"1":{"start":{"line":6,"column":4},"end":{"line":23,"column":null}}},"fnMap":{"0":{"name":"(anonymous_0)","decl":{"start":{"line":5,"column":26},"end":{"line":5,"column":32}},"loc":{"start":{"line":5,"column":32},"end":{"line":25,"column":null}}}},"branchMap":{},"s":{"0":1,"1":1},"f":{"0":1},"b":{}}
,"/home/marloncouto/Repos/mcoutodev.github.io/frontend/src/components/layout/navbar/MenuDesktop.tsx": {"path":"/home/marloncouto/Repos/mcoutodev.github.io/frontend/src/components/layout/navbar/MenuDesktop.tsx","statementMap":{"0":{"start":{"line":6,"column":31},"end":{"line":23,"column":null}},"1":{"start":{"line":7,"column":25},"end":{"line":7,"column":null}},"2":{"start":{"line":9,"column":4},"end":{"line":21,"column":null}},"3":{"start":{"line":12,"column":16},"end":{"line":19,"column":null}}},"fnMap":{"0":{"name":"(anonymous_0)","decl":{"start":{"line":6,"column":31},"end":{"line":6,"column":37}},"loc":{"start":{"line":6,"column":37},"end":{"line":23,"column":null}}},"1":{"name":"(anonymous_1)","decl":{"start":{"line":11,"column":26},"end":{"line":11,"column":27}},"loc":{"start":{"line":12,"column":16},"end":{"line":19,"column":null}}}},"branchMap":{},"s":{"0":1,"1":1,"2":1,"3":1},"f":{"0":1,"1":1},"b":{}}
,"/home/marloncouto/Repos/mcoutodev.github.io/frontend/src/components/layout/navbar/MenuMobile.tsx": {"path":"/home/marloncouto/Repos/mcoutodev.github.io/frontend/src/components/layout/navbar/MenuMobile.tsx","statementMap":{"0":{"start":{"line":6,"column":30},"end":{"line":26,"column":null}},"1":{"start":{"line":7,"column":34},"end":{"line":7,"column":null}},"2":{"start":{"line":9,"column":4},"end":{"line":24,"column":null}},"3":{"start":{"line":17,"column":40},"end":{"line":17,"column":null}}},"fnMap":{"0":{"name":"(anonymous_0)","decl":{"start":{"line":6,"column":30},"end":{"line":6,"column":36}},"loc":{"start":{"line":6,"column":36},"end":{"line":26,"column":null}}},"1":{"name":"(anonymous_1)","decl":{"start":{"line":17,"column":34},"end":{"line":17,"column":40}},"loc":{"start":{"line":17,"column":40},"end":{"line":17,"column":null}}}},"branchMap":{},"s":{"0":1,"1":1,"2":1,"3":0},"f":{"0":1,"1":0},"b":{}}
,"/home/marloncouto/Repos/mcoutodev.github.io/frontend/src/components/layout/navbar/index.tsx": {"path":"/home/marloncouto/Repos/mcoutodev.github.io/frontend/src/components/layout/navbar/index.tsx","statementMap":{"0":{"start":{"line":10,"column":26},"end":{"line":45,"column":null}},"1":{"start":{"line":11,"column":38},"end":{"line":11,"column":null}},"2":{"start":{"line":13,"column":4},"end":{"line":16,"column":null}},"3":{"start":{"line":14,"column":8},"end":{"line":14,"column":null}},"4":{"start":{"line":18,"column":4},"end":{"line":43,"column":null}},"5":{"start":{"line":34,"column":35},"end":{"line":34,"column":null}}},"fnMap":{"0":{"name":"(anonymous_0)","decl":{"start":{"line":10,"column":26},"end":{"line":10,"column":32}},"loc":{"start":{"line":10,"column":32},"end":{"line":45,"column":null}}},"1":{"name":"(anonymous_1)","decl":{"start":{"line":13,"column":14},"end":{"line":13,"column":20}},"loc":{"start":{"line":13,"column":20},"end":{"line":16,"column":7}}},"2":{"name":"(anonymous_2)","decl":{"start":{"line":34,"column":29},"end":{"line":34,"column":35}},"loc":{"start":{"line":34,"column":35},"end":{"line":34,"column":null}}}},"branchMap":{"0":{"loc":{"start":{"line":33,"column":36},"end":{"line":33,"column":null}},"type":"cond-expr","locations":[{"start":{"line":33,"column":47},"end":{"line":33,"column":61}},{"start":{"line":33,"column":61},"end":{"line":33,"column":null}}]}},"s":{"0":1,"1":1,"2":1,"3":1,"4":1,"5":0},"f":{"0":1,"1":1,"2":0},"b":{"0":[0,1]}}
,"/home/marloncouto/Repos/mcoutodev.github.io/frontend/src/components/svg/CloseIcon.tsx": {"path":"/home/marloncouto/Repos/mcoutodev.github.io/frontend/src/components/svg/CloseIcon.tsx","statementMap":{"0":{"start":{"line":3,"column":29},"end":{"line":15,"column":null}},"1":{"start":{"line":4,"column":4},"end":{"line":13,"column":null}}},"fnMap":{"0":{"name":"(anonymous_0)","decl":{"start":{"line":3,"column":29},"end":{"line":3,"column":35}},"loc":{"start":{"line":3,"column":35},"end":{"line":15,"column":null}}}},"branchMap":{},"s":{"0":1,"1":1},"f":{"0":1},"b":{}}
,"/home/marloncouto/Repos/mcoutodev.github.io/frontend/src/components/svg/GitHubIcon.tsx": {"path":"/home/marloncouto/Repos/mcoutodev.github.io/frontend/src/components/svg/GitHubIcon.tsx","statementMap":{"0":{"start":{"line":3,"column":30},"end":{"line":16,"column":null}},"1":{"start":{"line":4,"column":4},"end":{"line":14,"column":null}}},"fnMap":{"0":{"name":"(anonymous_0)","decl":{"start":{"line":3,"column":30},"end":{"line":3,"column":36}},"loc":{"start":{"line":3,"column":36},"end":{"line":16,"column":null}}}},"branchMap":{},"s":{"0":1,"1":1},"f":{"0":1},"b":{}}
,"/home/marloncouto/Repos/mcoutodev.github.io/frontend/src/components/svg/HamburgerIcon.tsx": {"path":"/home/marloncouto/Repos/mcoutodev.github.io/frontend/src/components/svg/HamburgerIcon.tsx","statementMap":{"0":{"start":{"line":3,"column":33},"end":{"line":15,"column":null}},"1":{"start":{"line":4,"column":4},"end":{"line":13,"column":null}}},"fnMap":{"0":{"name":"(anonymous_0)","decl":{"start":{"line":3,"column":33},"end":{"line":3,"column":39}},"loc":{"start":{"line":3,"column":39},"end":{"line":15,"column":null}}}},"branchMap":{},"s":{"0":1,"1":1},"f":{"0":1},"b":{}}
,"/home/marloncouto/Repos/mcoutodev.github.io/frontend/src/components/svg/LinkedInIcon.tsx": {"path":"/home/marloncouto/Repos/mcoutodev.github.io/frontend/src/components/svg/LinkedInIcon.tsx","statementMap":{"0":{"start":{"line":3,"column":32},"end":{"line":16,"column":null}},"1":{"start":{"line":4,"column":4},"end":{"line":14,"column":null}}},"fnMap":{"0":{"name":"(anonymous_0)","decl":{"start":{"line":3,"column":32},"end":{"line":3,"column":38}},"loc":{"start":{"line":3,"column":38},"end":{"line":16,"column":null}}}},"branchMap":{},"s":{"0":1,"1":1},"f":{"0":1},"b":{}}
,"/home/marloncouto/Repos/mcoutodev.github.io/frontend/src/components/svg/Logo.tsx": {"path":"/home/marloncouto/Repos/mcoutodev.github.io/frontend/src/components/svg/Logo.tsx","statementMap":{"0":{"start":{"line":3,"column":24},"end":{"line":15,"column":null}},"1":{"start":{"line":4,"column":4},"end":{"line":13,"column":null}}},"fnMap":{"0":{"name":"(anonymous_0)","decl":{"start":{"line":3,"column":24},"end":{"line":3,"column":30}},"loc":{"start":{"line":3,"column":30},"end":{"line":15,"column":null}}}},"branchMap":{},"s":{"0":1,"1":1},"f":{"0":1},"b":{}}
,"/home/marloncouto/Repos/mcoutodev.github.io/frontend/src/components/svg/MoonIcon.tsx": {"path":"/home/marloncouto/Repos/mcoutodev.github.io/frontend/src/components/svg/MoonIcon.tsx","statementMap":{"0":{"start":{"line":5,"column":28},"end":{"line":20,"column":null}},"1":{"start":{"line":6,"column":25},"end":{"line":6,"column":null}},"2":{"start":{"line":8,"column":4},"end":{"line":18,"column":null}}},"fnMap":{"0":{"name":"(anonymous_0)","decl":{"start":{"line":5,"column":28},"end":{"line":5,"column":34}},"loc":{"start":{"line":5,"column":34},"end":{"line":20,"column":null}}}},"branchMap":{"0":{"loc":{"start":{"line":11,"column":16},"end":{"line":11,"column":null}},"type":"cond-expr","locations":[{"start":{"line":11,"column":28},"end":{"line":11,"column":41}},{"start":{"line":11,"column":41},"end":{"line":11,"column":null}}]}},"s":{"0":1,"1":1,"2":1},"f":{"0":1},"b":{"0":[1,0]}}
,"/home/marloncouto/Repos/mcoutodev.github.io/frontend/src/components/svg/SunIcon.tsx": {"path":"/home/marloncouto/Repos/mcoutodev.github.io/frontend/src/components/svg/SunIcon.tsx","statementMap":{"0":{"start":{"line":5,"column":27},"end":{"line":19,"column":null}},"1":{"start":{"line":6,"column":25},"end":{"line":6,"column":null}},"2":{"start":{"line":8,"column":4},"end":{"line":17,"column":null}}},"fnMap":{"0":{"name":"(anonymous_0)","decl":{"start":{"line":5,"column":27},"end":{"line":5,"column":33}},"loc":{"start":{"line":5,"column":33},"end":{"line":19,"column":null}}}},"branchMap":{"0":{"loc":{"start":{"line":11,"column":16},"end":{"line":11,"column":null}},"type":"cond-expr","locations":[{"start":{"line":11,"column":28},"end":{"line":11,"column":40}},{"start":{"line":11,"column":40},"end":{"line":11,"column":null}}]}},"s":{"0":1,"1":1,"2":1},"f":{"0":1},"b":{"0":[1,0]}}
,"/home/marloncouto/Repos/mcoutodev.github.io/frontend/src/context/Context.ts": {"path":"/home/marloncouto/Repos/mcoutodev.github.io/frontend/src/context/Context.ts","statementMap":{"0":{"start":{"line":5,"column":23},"end":{"line":15,"column":null}},"1":{"start":{"line":8,"column":8},"end":{"line":8,"column":null}},"2":{"start":{"line":12,"column":8},"end":{"line":12,"column":null}}},"fnMap":{"0":{"name":"(anonymous_0)","decl":{"start":{"line":7,"column":15},"end":{"line":7,"column":21}},"loc":{"start":{"line":7,"column":21},"end":{"line":9,"column":null}}},"1":{"name":"(anonymous_1)","decl":{"start":{"line":11,"column":17},"end":{"line":11,"column":23}},"loc":{"start":{"line":11,"column":23},"end":{"line":13,"column":null}}}},"branchMap":{},"s":{"0":1,"1":0,"2":0},"f":{"0":0,"1":0},"b":{}}
,"/home/marloncouto/Repos/mcoutodev.github.io/frontend/src/routes/AboutMe.tsx": {"path":"/home/marloncouto/Repos/mcoutodev.github.io/frontend/src/routes/AboutMe.tsx","statementMap":{"0":{"start":{"line":5,"column":27},"end":{"line":12,"column":null}},"1":{"start":{"line":6,"column":4},"end":{"line":10,"column":null}}},"fnMap":{"0":{"name":"(anonymous_0)","decl":{"start":{"line":5,"column":27},"end":{"line":5,"column":33}},"loc":{"start":{"line":5,"column":33},"end":{"line":12,"column":null}}}},"branchMap":{},"s":{"0":1,"1":1},"f":{"0":1},"b":{}}
,"/home/marloncouto/Repos/mcoutodev.github.io/frontend/src/routes/Home.tsx": {"path":"/home/marloncouto/Repos/mcoutodev.github.io/frontend/src/routes/Home.tsx","statementMap":{"0":{"start":{"line":5,"column":24},"end":{"line":7,"column":null}},"1":{"start":{"line":6,"column":4},"end":{"line":6,"column":null}}},"fnMap":{"0":{"name":"(anonymous_0)","decl":{"start":{"line":5,"column":24},"end":{"line":5,"column":30}},"loc":{"start":{"line":5,"column":30},"end":{"line":7,"column":null}}}},"branchMap":{},"s":{"0":1,"1":1},"f":{"0":1},"b":{}}
}
